<?xml version="1.0" encoding="UTF-8"?>
<testsuite xmlns:xsi="http://www.w3.org/2001/XMLSchema-instance" xsi:noNamespaceSchemaLocation="https://maven.apache.org/surefire/maven-surefire-plugin/xsd/surefire-test-report-3.0.xsd" version="3.0" name="voiture.VoitureMobilApplicationTests" time="6.89" tests="1" errors="0" skipped="0" failures="0">
  <properties>
[...]
</properties>
  <testcase name="contextLoads" classname="voiture.VoitureMobilApplicationTests" time="0.599">
    <system-out><![CDATA[11:47:54.330 [main] INFO org.springframework.test.context.support.AnnotationConfigContextLoaderUtils -- Could not detect default configuration classes for test class [voiture.VoitureMobilApplicationTests]: VoitureMobilApplicationTests does not declare any static, non-private, non-final, nested classes annotated with @Configuration.
11:47:54.445 [main] INFO org.springframework.boot.test.context.SpringBootTestContextBootstrapper -- Found @SpringBootConfiguration voiture.VoitureMobilApplication for test class voiture.VoitureMobilApplicationTests

  .   ____          _            __ _ _
 /\\ / ___'_ __ _ _(_)_ __  __ _ \ \ \ \
( ( )\___ | '_ | '_| | '_ \/ _` | \ \ \ \
 \\/  ___)| |_)| | | | | || (_| |  ) ) ) )
  '  |____| .__|_| |_|_| |_\__, | / / / /
 =========|_|==============|___/=/_/_/_/
 :: Spring Boot ::                (v3.2.1)

2024-01-13T11:47:54.988+03:00  INFO 23340 --- [           main] voiture.VoitureMobilApplicationTests     : Starting VoitureMobilApplicationTests using Java 17.0.2 with PID 23340 (started by finar in C:\Users\finar\OneDrive\Documents\S5\ROJO\VoitureMobil)
2024-01-13T11:47:54.990+03:00  INFO 23340 --- [           main] voiture.VoitureMobilApplicationTests     : No active profile set, falling back to 1 default profile: "default"
2024-01-13T11:47:55.917+03:00  INFO 23340 --- [           main] .s.d.r.c.RepositoryConfigurationDelegate : Bootstrapping Spring Data JPA repositories in DEFAULT mode.
2024-01-13T11:47:56.017+03:00  INFO 23340 --- [           main] .s.d.r.c.RepositoryConfigurationDelegate : Finished Spring Data repository scanning in 90 ms. Found 10 JPA repository interfaces.
2024-01-13T11:47:56.670+03:00  INFO 23340 --- [           main] com.zaxxer.hikari.HikariDataSource       : HikariPool-1 - Starting...
2024-01-13T11:47:56.835+03:00  INFO 23340 --- [           main] com.zaxxer.hikari.pool.HikariPool        : HikariPool-1 - Added connection org.postgresql.jdbc.PgConnection@31efacad
2024-01-13T11:47:56.838+03:00  INFO 23340 --- [           main] com.zaxxer.hikari.HikariDataSource       : HikariPool-1 - Start completed.
2024-01-13T11:47:56.902+03:00  INFO 23340 --- [           main] o.hibernate.jpa.internal.util.LogHelper  : HHH000204: Processing PersistenceUnitInfo [name: default]
2024-01-13T11:47:56.975+03:00  INFO 23340 --- [           main] org.hibernate.Version                    : HHH000412: Hibernate ORM core version 6.4.1.Final
2024-01-13T11:47:57.018+03:00  INFO 23340 --- [           main] o.h.c.internal.RegionFactoryInitiator    : HHH000026: Second-level cache disabled
2024-01-13T11:47:57.384+03:00  INFO 23340 --- [           main] o.s.o.j.p.SpringPersistenceUnitInfo      : No LoadTimeWeaver setup: ignoring JPA class transformer
2024-01-13T11:47:57.485+03:00  WARN 23340 --- [           main] org.hibernate.dialect.Dialect            : HHH000511: The 10.22.0 version for [org.hibernate.dialect.PostgreSQLDialect] is no longer supported, hence certain features may not work properly. The minimum supported version is 12.0.0. Check the community dialects project for available legacy versions.
2024-01-13T11:47:58.580+03:00  INFO 23340 --- [           main] o.h.e.t.j.p.i.JtaPlatformInitiator       : HHH000489: No JTA platform available (set 'hibernate.transaction.jta.platform' to enable JTA platform integration)
2024-01-13T11:47:58.584+03:00  INFO 23340 --- [           main] j.LocalContainerEntityManagerFactoryBean : Initialized JPA EntityManagerFactory for persistence unit 'default'
2024-01-13T11:47:59.053+03:00  INFO 23340 --- [           main] o.s.d.j.r.query.QueryEnhancerFactory     : Hibernate is in classpath; If applicable, HQL parser will be used.
2024-01-13T11:47:59.539+03:00  WARN 23340 --- [           main] JpaBaseConfiguration$JpaWebConfiguration : spring.jpa.open-in-view is enabled by default. Therefore, database queries may be performed during view rendering. Explicitly configure spring.jpa.open-in-view to disable this warning
2024-01-13T11:47:59.993+03:00  INFO 23340 --- [           main] o.s.s.web.DefaultSecurityFilterChain     : Will secure any request with [org.springframework.security.web.session.DisableEncodeUrlFilter@f5314bc, org.springframework.security.web.context.request.async.WebAsyncManagerIntegrationFilter@4807b2b7, org.springframework.security.web.context.SecurityContextHolderFilter@4250b0c1, org.springframework.security.web.header.HeaderWriterFilter@31887330, org.springframework.web.filter.CorsFilter@71eead09, org.springframework.security.web.authentication.logout.LogoutFilter@14a5d7ee, voiture.requestFilter.JwtRequestFilter@6de4071b, org.springframework.security.web.authentication.www.BasicAuthenticationFilter@4b718c45, org.springframework.security.web.savedrequest.RequestCacheAwareFilter@24caa80, org.springframework.security.web.servletapi.SecurityContextHolderAwareRequestFilter@3420547, org.springframework.security.web.authentication.AnonymousAuthenticationFilter@586af46, org.springframework.security.web.session.SessionManagementFilter@1488d1c, org.springframework.security.web.access.ExceptionTranslationFilter@3c3a767, org.springframework.security.web.access.intercept.AuthorizationFilter@2ccb8db3]
2024-01-13T11:48:00.440+03:00  INFO 23340 --- [           main] voiture.VoitureMobilApplicationTests     : Started VoitureMobilApplicationTests in 5.722 seconds (process running for 6.833)
]]></system-out>
  </testcase>
</testsuite>